<?xml version="1.0" encoding="UTF-8"?>
<testng-results skipped="0" failed="0" total="1" passed="1">
  <reporter-output>
  </reporter-output>
  <suite name="Default suite" duration-ms="29691" started-at="2020-01-17T14:28:07Z" finished-at="2020-01-17T14:28:36Z">
    <groups>
    </groups>
    <test name="Default test" duration-ms="29691" started-at="2020-01-17T14:28:07Z" finished-at="2020-01-17T14:28:36Z">
      <class name="com.assignment.TestScripts.IphonePriceComparisonTest">
        <test-method status="PASS" signature="launchApplication()[pri:0, instance:com.assignment.TestScripts.IphonePriceComparisonTest@27efef64]" name="launchApplication" is-config="true" duration-ms="7687" started-at="2020-01-17T19:57:59Z" finished-at="2020-01-17T19:58:07Z">
          <reporter-output>
          </reporter-output>
        </test-method> <!-- launchApplication -->
        <test-method status="PASS" signature="iphonePriceInAmazonAndFlipkartTest()[pri:0, instance:com.assignment.TestScripts.IphonePriceComparisonTest@27efef64]" name="iphonePriceInAmazonAndFlipkartTest" duration-ms="29678" started-at="2020-01-17T19:58:07Z" finished-at="2020-01-17T19:58:36Z">
          <reporter-output>
          </reporter-output>
        </test-method> <!-- iphonePriceInAmazonAndFlipkartTest -->
      </class> <!-- com.assignment.TestScripts.IphonePriceComparisonTest -->
    </test> <!-- Default test -->
  </suite> <!-- Default suite -->
</testng-results>
